<?xml version="1.0" encoding="UTF-8"?>
<testng-results ignored="0" total="1" passed="1" failed="0" skipped="0">
  <reporter-output>
  </reporter-output>
  <suite started-at="2021-07-31T09:43:17Z" name="Suite" finished-at="2021-07-31T09:43:31Z" duration-ms="13844">
    <groups>
    </groups>
    <test started-at="2021-07-31T09:43:17Z" name="Test" finished-at="2021-07-31T09:43:31Z" duration-ms="13844">
      <class name="com.TestCases.TC001_LoginFlipkart">
        <test-method is-config="true" signature="DataSetup()[pri:0, instance:com.TestCases.TC001_LoginFlipkart@202b0582]" started-at="2021-07-31T09:43:17Z" name="DataSetup" finished-at="2021-07-31T09:43:17Z" duration-ms="276" status="PASS">
          <reporter-output>
          </reporter-output>
        </test-method> <!-- DataSetup -->
        <test-method is-config="true" signature="Setup()[pri:0, instance:com.TestCases.TC001_LoginFlipkart@202b0582]" started-at="2021-07-31T09:43:17Z" name="Setup" finished-at="2021-07-31T09:43:28Z" duration-ms="11343" status="PASS">
          <reporter-output>
          </reporter-output>
        </test-method> <!-- Setup -->
        <test-method signature="LoginApp()[pri:1, instance:com.TestCases.TC001_LoginFlipkart@202b0582]" started-at="2021-07-31T09:43:28Z" name="LoginApp" finished-at="2021-07-31T09:43:29Z" duration-ms="819" status="PASS">
          <reporter-output>
          </reporter-output>
        </test-method> <!-- LoginApp -->
        <test-method is-config="true" signature="tearDownMethod(org.testng.ITestResult)[pri:0, instance:com.TestCases.TC001_LoginFlipkart@202b0582]" started-at="2021-07-31T09:43:29Z" name="tearDownMethod" finished-at="2021-07-31T09:43:30Z" duration-ms="1254" status="PASS">
          <params>
            <param index="0">
              <value>
                <![CDATA[[TestResult name=LoginApp status=SUCCESS method=TC001_LoginFlipkart.LoginApp()[pri:1, instance:com.TestCases.TC001_LoginFlipkart@202b0582] output={null}]]]>
              </value>
            </param>
          </params>
          <reporter-output>
          </reporter-output>
        </test-method> <!-- tearDownMethod -->
        <test-method is-config="true" signature="tearDown()[pri:0, instance:com.TestCases.TC001_LoginFlipkart@202b0582]" started-at="2021-07-31T09:43:30Z" name="tearDown" finished-at="2021-07-31T09:43:31Z" duration-ms="392" status="PASS">
          <reporter-output>
          </reporter-output>
        </test-method> <!-- tearDown -->
      </class> <!-- com.TestCases.TC001_LoginFlipkart -->
    </test> <!-- Test -->
  </suite> <!-- Suite -->
</testng-results>
