<?xml version="1.0" encoding="UTF-8"?>
<testng-results skipped="0" failed="0" ignored="0" total="1" passed="1">
  <reporter-output>
  </reporter-output>
  <suite name="Default suite" duration-ms="13325" started-at="2021-07-31T08:10:22Z" finished-at="2021-07-31T08:10:35Z">
    <groups>
    </groups>
    <test name="Default test" duration-ms="13325" started-at="2021-07-31T08:10:22Z" finished-at="2021-07-31T08:10:35Z">
      <class name="com.TestCases.TC001_LoginFlipkart">
        <test-method status="PASS" signature="DataSetup()[pri:0, instance:com.TestCases.TC001_LoginFlipkart@cd3fee8]" name="DataSetup" is-config="true" duration-ms="318" started-at="2021-07-31T08:10:22Z" finished-at="2021-07-31T08:10:22Z">
          <reporter-output>
          </reporter-output>
        </test-method> <!-- DataSetup -->
        <test-method status="PASS" signature="Setup()[pri:0, instance:com.TestCases.TC001_LoginFlipkart@cd3fee8]" name="Setup" is-config="true" duration-ms="10242" started-at="2021-07-31T08:10:22Z" finished-at="2021-07-31T08:10:32Z">
          <reporter-output>
          </reporter-output>
        </test-method> <!-- Setup -->
        <test-method status="PASS" signature="LoginApp()[pri:1, instance:com.TestCases.TC001_LoginFlipkart@cd3fee8]" name="LoginApp" duration-ms="912" started-at="2021-07-31T08:10:32Z" finished-at="2021-07-31T08:10:33Z">
          <reporter-output>
          </reporter-output>
        </test-method> <!-- LoginApp -->
        <test-method status="PASS" signature="tearDownMethod(org.testng.ITestResult)[pri:0, instance:com.TestCases.TC001_LoginFlipkart@cd3fee8]" name="tearDownMethod" is-config="true" duration-ms="1282" started-at="2021-07-31T08:10:33Z" finished-at="2021-07-31T08:10:35Z">
          <params>
            <param index="0">
              <value>
                <![CDATA[[TestResult name=LoginApp status=SUCCESS method=TC001_LoginFlipkart.LoginApp()[pri:1, instance:com.TestCases.TC001_LoginFlipkart@cd3fee8] output={null}]]]>
              </value>
            </param>
          </params>
          <reporter-output>
          </reporter-output>
        </test-method> <!-- tearDownMethod -->
        <test-method status="PASS" signature="tearDown()[pri:0, instance:com.TestCases.TC001_LoginFlipkart@cd3fee8]" name="tearDown" is-config="true" duration-ms="830" started-at="2021-07-31T08:10:35Z" finished-at="2021-07-31T08:10:35Z">
          <reporter-output>
          </reporter-output>
        </test-method> <!-- tearDown -->
      </class> <!-- com.TestCases.TC001_LoginFlipkart -->
    </test> <!-- Default test -->
  </suite> <!-- Default suite -->
</testng-results>
